<?xml version="1.0" encoding="UTF-8"?>
<testsuite xmlns:xsi="http://www.w3.org/2001/XMLSchema-instance" xsi:noNamespaceSchemaLocation="https://maven.apache.org/surefire/maven-surefire-plugin/xsd/surefire-test-report.xsd" name="com.liush.wms.WmsApplicationTests" time="1.222" tests="1" errors="0" skipped="0" failures="0">
  <properties>
    <property name="java.specification.version" value="18"/>
    <property name="sun.jnu.encoding" value="UTF-8"/>
    <property name="java.class.path" value="/Users/chaowan/Project/springboot/springboot-vue-wms-master/wms/target/test-classes:/Users/chaowan/Project/springboot/springboot-vue-wms-master/wms/target/classes:/Users/chaowan/.m2/repository/org/springframework/boot/spring-boot-starter-web/2.6.11/spring-boot-starter-web-2.6.11.jar:/Users/chaowan/.m2/repository/org/springframework/boot/spring-boot-starter/2.6.11/spring-boot-starter-2.6.11.jar:/Users/chaowan/.m2/repository/org/springframework/boot/spring-boot/2.6.11/spring-boot-2.6.11.jar:/Users/chaowan/.m2/repository/org/springframework/boot/spring-boot-starter-logging/2.6.11/spring-boot-starter-logging-2.6.11.jar:/Users/chaowan/.m2/repository/ch/qos/logback/logback-classic/1.2.11/logback-classic-1.2.11.jar:/Users/chaowan/.m2/repository/ch/qos/logback/logback-core/1.2.11/logback-core-1.2.11.jar:/Users/chaowan/.m2/repository/org/apache/logging/log4j/log4j-to-slf4j/2.17.2/log4j-to-slf4j-2.17.2.jar:/Users/chaowan/.m2/repository/org/apache/logging/log4j/log4j-api/2.17.2/log4j-api-2.17.2.jar:/Users/chaowan/.m2/repository/org/slf4j/jul-to-slf4j/1.7.36/jul-to-slf4j-1.7.36.jar:/Users/chaowan/.m2/repository/jakarta/annotation/jakarta.annotation-api/1.3.5/jakarta.annotation-api-1.3.5.jar:/Users/chaowan/.m2/repository/org/yaml/snakeyaml/1.29/snakeyaml-1.29.jar:/Users/chaowan/.m2/repository/org/springframework/boot/spring-boot-starter-json/2.6.11/spring-boot-starter-json-2.6.11.jar:/Users/chaowan/.m2/repository/com/fasterxml/jackson/core/jackson-databind/2.13.3/jackson-databind-2.13.3.jar:/Users/chaowan/.m2/repository/com/fasterxml/jackson/core/jackson-annotations/2.13.3/jackson-annotations-2.13.3.jar:/Users/chaowan/.m2/repository/com/fasterxml/jackson/core/jackson-core/2.13.3/jackson-core-2.13.3.jar:/Users/chaowan/.m2/repository/com/fasterxml/jackson/datatype/jackson-datatype-jdk8/2.13.3/jackson-datatype-jdk8-2.13.3.jar:/Users/chaowan/.m2/repository/com/fasterxml/jackson/datatype/jackson-datatype-jsr310/2.13.3/jackson-datatype-jsr310-2.13.3.jar:/Users/chaowan/.m2/repository/com/fasterxml/jackson/module/jackson-module-parameter-names/2.13.3/jackson-module-parameter-names-2.13.3.jar:/Users/chaowan/.m2/repository/org/springframework/boot/spring-boot-starter-tomcat/2.6.11/spring-boot-starter-tomcat-2.6.11.jar:/Users/chaowan/.m2/repository/org/apache/tomcat/embed/tomcat-embed-core/9.0.65/tomcat-embed-core-9.0.65.jar:/Users/chaowan/.m2/repository/org/apache/tomcat/embed/tomcat-embed-el/9.0.65/tomcat-embed-el-9.0.65.jar:/Users/chaowan/.m2/repository/org/apache/tomcat/embed/tomcat-embed-websocket/9.0.65/tomcat-embed-websocket-9.0.65.jar:/Users/chaowan/.m2/repository/org/springframework/spring-web/5.3.22/spring-web-5.3.22.jar:/Users/chaowan/.m2/repository/org/springframework/spring-beans/5.3.22/spring-beans-5.3.22.jar:/Users/chaowan/.m2/repository/org/springframework/spring-webmvc/5.3.22/spring-webmvc-5.3.22.jar:/Users/chaowan/.m2/repository/org/springframework/spring-aop/5.3.22/spring-aop-5.3.22.jar:/Users/chaowan/.m2/repository/org/springframework/spring-context/5.3.22/spring-context-5.3.22.jar:/Users/chaowan/.m2/repository/org/springframework/spring-expression/5.3.22/spring-expression-5.3.22.jar:/Users/chaowan/.m2/repository/org/springframework/boot/spring-boot-starter-test/2.6.11/spring-boot-starter-test-2.6.11.jar:/Users/chaowan/.m2/repository/org/springframework/boot/spring-boot-test/2.6.11/spring-boot-test-2.6.11.jar:/Users/chaowan/.m2/repository/org/springframework/boot/spring-boot-test-autoconfigure/2.6.11/spring-boot-test-autoconfigure-2.6.11.jar:/Users/chaowan/.m2/repository/com/jayway/jsonpath/json-path/2.6.0/json-path-2.6.0.jar:/Users/chaowan/.m2/repository/net/minidev/json-smart/2.4.8/json-smart-2.4.8.jar:/Users/chaowan/.m2/repository/net/minidev/accessors-smart/2.4.8/accessors-smart-2.4.8.jar:/Users/chaowan/.m2/repository/org/ow2/asm/asm/9.1/asm-9.1.jar:/Users/chaowan/.m2/repository/org/slf4j/slf4j-api/1.7.36/slf4j-api-1.7.36.jar:/Users/chaowan/.m2/repository/jakarta/xml/bind/jakarta.xml.bind-api/2.3.3/jakarta.xml.bind-api-2.3.3.jar:/Users/chaowan/.m2/repository/jakarta/activation/jakarta.activation-api/1.2.2/jakarta.activation-api-1.2.2.jar:/Users/chaowan/.m2/repository/org/assertj/assertj-core/3.21.0/assertj-core-3.21.0.jar:/Users/chaowan/.m2/repository/org/hamcrest/hamcrest/2.2/hamcrest-2.2.jar:/Users/chaowan/.m2/repository/org/junit/jupiter/junit-jupiter/5.8.2/junit-jupiter-5.8.2.jar:/Users/chaowan/.m2/repository/org/junit/jupiter/junit-jupiter-api/5.8.2/junit-jupiter-api-5.8.2.jar:/Users/chaowan/.m2/repository/org/opentest4j/opentest4j/1.2.0/opentest4j-1.2.0.jar:/Users/chaowan/.m2/repository/org/junit/platform/junit-platform-commons/1.8.2/junit-platform-commons-1.8.2.jar:/Users/chaowan/.m2/repository/org/apiguardian/apiguardian-api/1.1.2/apiguardian-api-1.1.2.jar:/Users/chaowan/.m2/repository/org/junit/jupiter/junit-jupiter-params/5.8.2/junit-jupiter-params-5.8.2.jar:/Users/chaowan/.m2/repository/org/junit/jupiter/junit-jupiter-engine/5.8.2/junit-jupiter-engine-5.8.2.jar:/Users/chaowan/.m2/repository/org/junit/platform/junit-platform-engine/1.8.2/junit-platform-engine-1.8.2.jar:/Users/chaowan/.m2/repository/org/mockito/mockito-core/4.0.0/mockito-core-4.0.0.jar:/Users/chaowan/.m2/repository/net/bytebuddy/byte-buddy/1.11.22/byte-buddy-1.11.22.jar:/Users/chaowan/.m2/repository/net/bytebuddy/byte-buddy-agent/1.11.22/byte-buddy-agent-1.11.22.jar:/Users/chaowan/.m2/repository/org/objenesis/objenesis/3.2/objenesis-3.2.jar:/Users/chaowan/.m2/repository/org/mockito/mockito-junit-jupiter/4.0.0/mockito-junit-jupiter-4.0.0.jar:/Users/chaowan/.m2/repository/org/skyscreamer/jsonassert/1.5.1/jsonassert-1.5.1.jar:/Users/chaowan/.m2/repository/com/vaadin/external/google/android-json/0.0.20131108.vaadin1/android-json-0.0.20131108.vaadin1.jar:/Users/chaowan/.m2/repository/org/springframework/spring-core/5.3.22/spring-core-5.3.22.jar:/Users/chaowan/.m2/repository/org/springframework/spring-jcl/5.3.22/spring-jcl-5.3.22.jar:/Users/chaowan/.m2/repository/org/springframework/spring-test/5.3.22/spring-test-5.3.22.jar:/Users/chaowan/.m2/repository/org/xmlunit/xmlunit-core/2.8.4/xmlunit-core-2.8.4.jar:/Users/chaowan/.m2/repository/mysql/mysql-connector-java/8.0.27/mysql-connector-java-8.0.27.jar:/Users/chaowan/.m2/repository/org/projectlombok/lombok/1.18.24/lombok-1.18.24.jar:/Users/chaowan/.m2/repository/com/baomidou/mybatis-plus-boot-starter/3.4.1/mybatis-plus-boot-starter-3.4.1.jar:/Users/chaowan/.m2/repository/com/baomidou/mybatis-plus/3.4.1/mybatis-plus-3.4.1.jar:/Users/chaowan/.m2/repository/org/springframework/boot/spring-boot-autoconfigure/2.6.11/spring-boot-autoconfigure-2.6.11.jar:/Users/chaowan/.m2/repository/org/springframework/boot/spring-boot-starter-jdbc/2.6.11/spring-boot-starter-jdbc-2.6.11.jar:/Users/chaowan/.m2/repository/com/zaxxer/HikariCP/4.0.3/HikariCP-4.0.3.jar:/Users/chaowan/.m2/repository/org/springframework/spring-jdbc/5.3.22/spring-jdbc-5.3.22.jar:/Users/chaowan/.m2/repository/org/springframework/spring-tx/5.3.22/spring-tx-5.3.22.jar:/Users/chaowan/.m2/repository/com/baomidou/mybatis-plus-generator/3.4.1/mybatis-plus-generator-3.4.1.jar:/Users/chaowan/.m2/repository/com/baomidou/mybatis-plus-extension/3.4.1/mybatis-plus-extension-3.4.1.jar:/Users/chaowan/.m2/repository/com/baomidou/mybatis-plus-core/3.4.1/mybatis-plus-core-3.4.1.jar:/Users/chaowan/.m2/repository/com/baomidou/mybatis-plus-annotation/3.4.1/mybatis-plus-annotation-3.4.1.jar:/Users/chaowan/.m2/repository/com/github/jsqlparser/jsqlparser/3.2/jsqlparser-3.2.jar:/Users/chaowan/.m2/repository/org/mybatis/mybatis/3.5.6/mybatis-3.5.6.jar:/Users/chaowan/.m2/repository/org/mybatis/mybatis-spring/2.0.5/mybatis-spring-2.0.5.jar:/Users/chaowan/.m2/repository/org/freemarker/freemarker/2.3.30/freemarker-2.3.30.jar:/Users/chaowan/.m2/repository/com/spring4all/spring-boot-starter-swagger/1.5.1.RELEASE/spring-boot-starter-swagger-1.5.1.RELEASE.jar:/Users/chaowan/.m2/repository/io/springfox/springfox-swagger-ui/2.7.0/springfox-swagger-ui-2.7.0.jar:/Users/chaowan/.m2/repository/io/springfox/springfox-spring-web/2.7.0/springfox-spring-web-2.7.0.jar:/Users/chaowan/.m2/repository/org/reflections/reflections/0.9.11/reflections-0.9.11.jar:/Users/chaowan/.m2/repository/org/javassist/javassist/3.21.0-GA/javassist-3.21.0-GA.jar:/Users/chaowan/.m2/repository/io/springfox/springfox-swagger2/2.7.0/springfox-swagger2-2.7.0.jar:/Users/chaowan/.m2/repository/io/swagger/swagger-annotations/1.5.13/swagger-annotations-1.5.13.jar:/Users/chaowan/.m2/repository/io/swagger/swagger-models/1.5.13/swagger-models-1.5.13.jar:/Users/chaowan/.m2/repository/io/springfox/springfox-spi/2.7.0/springfox-spi-2.7.0.jar:/Users/chaowan/.m2/repository/io/springfox/springfox-core/2.7.0/springfox-core-2.7.0.jar:/Users/chaowan/.m2/repository/io/springfox/springfox-schema/2.7.0/springfox-schema-2.7.0.jar:/Users/chaowan/.m2/repository/io/springfox/springfox-swagger-common/2.7.0/springfox-swagger-common-2.7.0.jar:/Users/chaowan/.m2/repository/com/google/guava/guava/18.0/guava-18.0.jar:/Users/chaowan/.m2/repository/com/fasterxml/classmate/1.5.1/classmate-1.5.1.jar:/Users/chaowan/.m2/repository/org/springframework/plugin/spring-plugin-core/1.2.0.RELEASE/spring-plugin-core-1.2.0.RELEASE.jar:/Users/chaowan/.m2/repository/org/springframework/plugin/spring-plugin-metadata/1.2.0.RELEASE/spring-plugin-metadata-1.2.0.RELEASE.jar:/Users/chaowan/.m2/repository/org/mapstruct/mapstruct/1.1.0.Final/mapstruct-1.1.0.Final.jar:/Users/chaowan/.m2/repository/io/springfox/springfox-bean-validators/2.7.0/springfox-bean-validators-2.7.0.jar:"/>
    <property name="java.vm.vendor" value="Amazon.com Inc."/>
    <property name="sun.arch.data.model" value="64"/>
    <property name="java.vendor.url" value="https://aws.amazon.com/corretto/"/>
    <property name="os.name" value="Mac OS X"/>
    <property name="java.vm.specification.version" value="18"/>
    <property name="sun.java.launcher" value="SUN_STANDARD"/>
    <property name="user.country" value="US"/>
    <property name="sun.boot.library.path" value="/Users/chaowan/Library/Java/JavaVirtualMachines/corretto-18.0.2/Contents/Home/lib"/>
    <property name="sun.java.command" value="/Users/chaowan/Project/springboot/springboot-vue-wms-master/wms/target/surefire/surefirebooter4379777503570715973.jar /Users/chaowan/Project/springboot/springboot-vue-wms-master/wms/target/surefire 2024-01-07T22-42-59_591-jvmRun1 surefire15788567888597595021tmp surefire_01098720689664353476tmp"/>
    <property name="http.nonProxyHosts" value="local|*.local|169.254/16|*.169.254/16"/>
    <property name="jdk.debug" value="release"/>
    <property name="surefire.test.class.path" value="/Users/chaowan/Project/springboot/springboot-vue-wms-master/wms/target/test-classes:/Users/chaowan/Project/springboot/springboot-vue-wms-master/wms/target/classes:/Users/chaowan/.m2/repository/org/springframework/boot/spring-boot-starter-web/2.6.11/spring-boot-starter-web-2.6.11.jar:/Users/chaowan/.m2/repository/org/springframework/boot/spring-boot-starter/2.6.11/spring-boot-starter-2.6.11.jar:/Users/chaowan/.m2/repository/org/springframework/boot/spring-boot/2.6.11/spring-boot-2.6.11.jar:/Users/chaowan/.m2/repository/org/springframework/boot/spring-boot-starter-logging/2.6.11/spring-boot-starter-logging-2.6.11.jar:/Users/chaowan/.m2/repository/ch/qos/logback/logback-classic/1.2.11/logback-classic-1.2.11.jar:/Users/chaowan/.m2/repository/ch/qos/logback/logback-core/1.2.11/logback-core-1.2.11.jar:/Users/chaowan/.m2/repository/org/apache/logging/log4j/log4j-to-slf4j/2.17.2/log4j-to-slf4j-2.17.2.jar:/Users/chaowan/.m2/repository/org/apache/logging/log4j/log4j-api/2.17.2/log4j-api-2.17.2.jar:/Users/chaowan/.m2/repository/org/slf4j/jul-to-slf4j/1.7.36/jul-to-slf4j-1.7.36.jar:/Users/chaowan/.m2/repository/jakarta/annotation/jakarta.annotation-api/1.3.5/jakarta.annotation-api-1.3.5.jar:/Users/chaowan/.m2/repository/org/yaml/snakeyaml/1.29/snakeyaml-1.29.jar:/Users/chaowan/.m2/repository/org/springframework/boot/spring-boot-starter-json/2.6.11/spring-boot-starter-json-2.6.11.jar:/Users/chaowan/.m2/repository/com/fasterxml/jackson/core/jackson-databind/2.13.3/jackson-databind-2.13.3.jar:/Users/chaowan/.m2/repository/com/fasterxml/jackson/core/jackson-annotations/2.13.3/jackson-annotations-2.13.3.jar:/Users/chaowan/.m2/repository/com/fasterxml/jackson/core/jackson-core/2.13.3/jackson-core-2.13.3.jar:/Users/chaowan/.m2/repository/com/fasterxml/jackson/datatype/jackson-datatype-jdk8/2.13.3/jackson-datatype-jdk8-2.13.3.jar:/Users/chaowan/.m2/repository/com/fasterxml/jackson/datatype/jackson-datatype-jsr310/2.13.3/jackson-datatype-jsr310-2.13.3.jar:/Users/chaowan/.m2/repository/com/fasterxml/jackson/module/jackson-module-parameter-names/2.13.3/jackson-module-parameter-names-2.13.3.jar:/Users/chaowan/.m2/repository/org/springframework/boot/spring-boot-starter-tomcat/2.6.11/spring-boot-starter-tomcat-2.6.11.jar:/Users/chaowan/.m2/repository/org/apache/tomcat/embed/tomcat-embed-core/9.0.65/tomcat-embed-core-9.0.65.jar:/Users/chaowan/.m2/repository/org/apache/tomcat/embed/tomcat-embed-el/9.0.65/tomcat-embed-el-9.0.65.jar:/Users/chaowan/.m2/repository/org/apache/tomcat/embed/tomcat-embed-websocket/9.0.65/tomcat-embed-websocket-9.0.65.jar:/Users/chaowan/.m2/repository/org/springframework/spring-web/5.3.22/spring-web-5.3.22.jar:/Users/chaowan/.m2/repository/org/springframework/spring-beans/5.3.22/spring-beans-5.3.22.jar:/Users/chaowan/.m2/repository/org/springframework/spring-webmvc/5.3.22/spring-webmvc-5.3.22.jar:/Users/chaowan/.m2/repository/org/springframework/spring-aop/5.3.22/spring-aop-5.3.22.jar:/Users/chaowan/.m2/repository/org/springframework/spring-context/5.3.22/spring-context-5.3.22.jar:/Users/chaowan/.m2/repository/org/springframework/spring-expression/5.3.22/spring-expression-5.3.22.jar:/Users/chaowan/.m2/repository/org/springframework/boot/spring-boot-starter-test/2.6.11/spring-boot-starter-test-2.6.11.jar:/Users/chaowan/.m2/repository/org/springframework/boot/spring-boot-test/2.6.11/spring-boot-test-2.6.11.jar:/Users/chaowan/.m2/repository/org/springframework/boot/spring-boot-test-autoconfigure/2.6.11/spring-boot-test-autoconfigure-2.6.11.jar:/Users/chaowan/.m2/repository/com/jayway/jsonpath/json-path/2.6.0/json-path-2.6.0.jar:/Users/chaowan/.m2/repository/net/minidev/json-smart/2.4.8/json-smart-2.4.8.jar:/Users/chaowan/.m2/repository/net/minidev/accessors-smart/2.4.8/accessors-smart-2.4.8.jar:/Users/chaowan/.m2/repository/org/ow2/asm/asm/9.1/asm-9.1.jar:/Users/chaowan/.m2/repository/org/slf4j/slf4j-api/1.7.36/slf4j-api-1.7.36.jar:/Users/chaowan/.m2/repository/jakarta/xml/bind/jakarta.xml.bind-api/2.3.3/jakarta.xml.bind-api-2.3.3.jar:/Users/chaowan/.m2/repository/jakarta/activation/jakarta.activation-api/1.2.2/jakarta.activation-api-1.2.2.jar:/Users/chaowan/.m2/repository/org/assertj/assertj-core/3.21.0/assertj-core-3.21.0.jar:/Users/chaowan/.m2/repository/org/hamcrest/hamcrest/2.2/hamcrest-2.2.jar:/Users/chaowan/.m2/repository/org/junit/jupiter/junit-jupiter/5.8.2/junit-jupiter-5.8.2.jar:/Users/chaowan/.m2/repository/org/junit/jupiter/junit-jupiter-api/5.8.2/junit-jupiter-api-5.8.2.jar:/Users/chaowan/.m2/repository/org/opentest4j/opentest4j/1.2.0/opentest4j-1.2.0.jar:/Users/chaowan/.m2/repository/org/junit/platform/junit-platform-commons/1.8.2/junit-platform-commons-1.8.2.jar:/Users/chaowan/.m2/repository/org/apiguardian/apiguardian-api/1.1.2/apiguardian-api-1.1.2.jar:/Users/chaowan/.m2/repository/org/junit/jupiter/junit-jupiter-params/5.8.2/junit-jupiter-params-5.8.2.jar:/Users/chaowan/.m2/repository/org/junit/jupiter/junit-jupiter-engine/5.8.2/junit-jupiter-engine-5.8.2.jar:/Users/chaowan/.m2/repository/org/junit/platform/junit-platform-engine/1.8.2/junit-platform-engine-1.8.2.jar:/Users/chaowan/.m2/repository/org/mockito/mockito-core/4.0.0/mockito-core-4.0.0.jar:/Users/chaowan/.m2/repository/net/bytebuddy/byte-buddy/1.11.22/byte-buddy-1.11.22.jar:/Users/chaowan/.m2/repository/net/bytebuddy/byte-buddy-agent/1.11.22/byte-buddy-agent-1.11.22.jar:/Users/chaowan/.m2/repository/org/objenesis/objenesis/3.2/objenesis-3.2.jar:/Users/chaowan/.m2/repository/org/mockito/mockito-junit-jupiter/4.0.0/mockito-junit-jupiter-4.0.0.jar:/Users/chaowan/.m2/repository/org/skyscreamer/jsonassert/1.5.1/jsonassert-1.5.1.jar:/Users/chaowan/.m2/repository/com/vaadin/external/google/android-json/0.0.20131108.vaadin1/android-json-0.0.20131108.vaadin1.jar:/Users/chaowan/.m2/repository/org/springframework/spring-core/5.3.22/spring-core-5.3.22.jar:/Users/chaowan/.m2/repository/org/springframework/spring-jcl/5.3.22/spring-jcl-5.3.22.jar:/Users/chaowan/.m2/repository/org/springframework/spring-test/5.3.22/spring-test-5.3.22.jar:/Users/chaowan/.m2/repository/org/xmlunit/xmlunit-core/2.8.4/xmlunit-core-2.8.4.jar:/Users/chaowan/.m2/repository/mysql/mysql-connector-java/8.0.27/mysql-connector-java-8.0.27.jar:/Users/chaowan/.m2/repository/org/projectlombok/lombok/1.18.24/lombok-1.18.24.jar:/Users/chaowan/.m2/repository/com/baomidou/mybatis-plus-boot-starter/3.4.1/mybatis-plus-boot-starter-3.4.1.jar:/Users/chaowan/.m2/repository/com/baomidou/mybatis-plus/3.4.1/mybatis-plus-3.4.1.jar:/Users/chaowan/.m2/repository/org/springframework/boot/spring-boot-autoconfigure/2.6.11/spring-boot-autoconfigure-2.6.11.jar:/Users/chaowan/.m2/repository/org/springframework/boot/spring-boot-starter-jdbc/2.6.11/spring-boot-starter-jdbc-2.6.11.jar:/Users/chaowan/.m2/repository/com/zaxxer/HikariCP/4.0.3/HikariCP-4.0.3.jar:/Users/chaowan/.m2/repository/org/springframework/spring-jdbc/5.3.22/spring-jdbc-5.3.22.jar:/Users/chaowan/.m2/repository/org/springframework/spring-tx/5.3.22/spring-tx-5.3.22.jar:/Users/chaowan/.m2/repository/com/baomidou/mybatis-plus-generator/3.4.1/mybatis-plus-generator-3.4.1.jar:/Users/chaowan/.m2/repository/com/baomidou/mybatis-plus-extension/3.4.1/mybatis-plus-extension-3.4.1.jar:/Users/chaowan/.m2/repository/com/baomidou/mybatis-plus-core/3.4.1/mybatis-plus-core-3.4.1.jar:/Users/chaowan/.m2/repository/com/baomidou/mybatis-plus-annotation/3.4.1/mybatis-plus-annotation-3.4.1.jar:/Users/chaowan/.m2/repository/com/github/jsqlparser/jsqlparser/3.2/jsqlparser-3.2.jar:/Users/chaowan/.m2/repository/org/mybatis/mybatis/3.5.6/mybatis-3.5.6.jar:/Users/chaowan/.m2/repository/org/mybatis/mybatis-spring/2.0.5/mybatis-spring-2.0.5.jar:/Users/chaowan/.m2/repository/org/freemarker/freemarker/2.3.30/freemarker-2.3.30.jar:/Users/chaowan/.m2/repository/com/spring4all/spring-boot-starter-swagger/1.5.1.RELEASE/spring-boot-starter-swagger-1.5.1.RELEASE.jar:/Users/chaowan/.m2/repository/io/springfox/springfox-swagger-ui/2.7.0/springfox-swagger-ui-2.7.0.jar:/Users/chaowan/.m2/repository/io/springfox/springfox-spring-web/2.7.0/springfox-spring-web-2.7.0.jar:/Users/chaowan/.m2/repository/org/reflections/reflections/0.9.11/reflections-0.9.11.jar:/Users/chaowan/.m2/repository/org/javassist/javassist/3.21.0-GA/javassist-3.21.0-GA.jar:/Users/chaowan/.m2/repository/io/springfox/springfox-swagger2/2.7.0/springfox-swagger2-2.7.0.jar:/Users/chaowan/.m2/repository/io/swagger/swagger-annotations/1.5.13/swagger-annotations-1.5.13.jar:/Users/chaowan/.m2/repository/io/swagger/swagger-models/1.5.13/swagger-models-1.5.13.jar:/Users/chaowan/.m2/repository/io/springfox/springfox-spi/2.7.0/springfox-spi-2.7.0.jar:/Users/chaowan/.m2/repository/io/springfox/springfox-core/2.7.0/springfox-core-2.7.0.jar:/Users/chaowan/.m2/repository/io/springfox/springfox-schema/2.7.0/springfox-schema-2.7.0.jar:/Users/chaowan/.m2/repository/io/springfox/springfox-swagger-common/2.7.0/springfox-swagger-common-2.7.0.jar:/Users/chaowan/.m2/repository/com/google/guava/guava/18.0/guava-18.0.jar:/Users/chaowan/.m2/repository/com/fasterxml/classmate/1.5.1/classmate-1.5.1.jar:/Users/chaowan/.m2/repository/org/springframework/plugin/spring-plugin-core/1.2.0.RELEASE/spring-plugin-core-1.2.0.RELEASE.jar:/Users/chaowan/.m2/repository/org/springframework/plugin/spring-plugin-metadata/1.2.0.RELEASE/spring-plugin-metadata-1.2.0.RELEASE.jar:/Users/chaowan/.m2/repository/org/mapstruct/mapstruct/1.1.0.Final/mapstruct-1.1.0.Final.jar:/Users/chaowan/.m2/repository/io/springfox/springfox-bean-validators/2.7.0/springfox-bean-validators-2.7.0.jar:"/>
    <property name="sun.cpu.endian" value="little"/>
    <property name="user.home" value="/Users/chaowan"/>
    <property name="user.language" value="en"/>
    <property name="java.specification.vendor" value="Oracle Corporation"/>
    <property name="java.version.date" value="2022-07-19"/>
    <property name="java.home" value="/Users/chaowan/Library/Java/JavaVirtualMachines/corretto-18.0.2/Contents/Home"/>
    <property name="file.separator" value="/"/>
    <property name="basedir" value="/Users/chaowan/Project/springboot/springboot-vue-wms-master/wms"/>
    <property name="java.vm.compressedOopsMode" value="Zero based"/>
    <property name="line.separator" value="&#10;"/>
    <property name="java.vm.specification.vendor" value="Oracle Corporation"/>
    <property name="java.specification.name" value="Java Platform API Specification"/>
    <property name="apple.awt.application.name" value="ForkedBooter"/>
    <property name="surefire.real.class.path" value="/Users/chaowan/Project/springboot/springboot-vue-wms-master/wms/target/surefire/surefirebooter4379777503570715973.jar"/>
    <property name="sun.management.compiler" value="HotSpot 64-Bit Tiered Compilers"/>
    <property name="ftp.nonProxyHosts" value="local|*.local|169.254/16|*.169.254/16"/>
    <property name="java.runtime.version" value="18.0.2+9-FR"/>
    <property name="user.name" value="chaowan"/>
    <property name="path.separator" value=":"/>
    <property name="os.version" value="13.5.1"/>
    <property name="java.runtime.name" value="OpenJDK Runtime Environment"/>
    <property name="file.encoding" value="UTF-8"/>
    <property name="java.vm.name" value="OpenJDK 64-Bit Server VM"/>
    <property name="java.vendor.version" value="Corretto-18.0.2.9.1"/>
    <property name="localRepository" value="/Users/chaowan/.m2/repository"/>
    <property name="java.vendor.url.bug" value="https://github.com/corretto/corretto-18/issues/"/>
    <property name="java.io.tmpdir" value="/var/folders/l5/b69jkst93cg9s2q11g7lhm5w0000gn/T/"/>
    <property name="idea.version" value="2023.2.4"/>
    <property name="java.version" value="18.0.2"/>
    <property name="user.dir" value="/Users/chaowan/Project/springboot/springboot-vue-wms-master/wms"/>
    <property name="os.arch" value="aarch64"/>
    <property name="java.vm.specification.name" value="Java Virtual Machine Specification"/>
    <property name="native.encoding" value="UTF-8"/>
    <property name="java.library.path" value="/Users/chaowan/Library/Java/Extensions:/Library/Java/Extensions:/Network/Library/Java/Extensions:/System/Library/Java/Extensions:/usr/lib/java:."/>
    <property name="java.vm.info" value="mixed mode, sharing"/>
    <property name="java.vendor" value="Amazon.com Inc."/>
    <property name="java.vm.version" value="18.0.2+9-FR"/>
    <property name="sun.io.unicode.encoding" value="UnicodeBig"/>
    <property name="socksNonProxyHosts" value="local|*.local|169.254/16|*.169.254/16"/>
    <property name="java.class.version" value="62.0"/>
  </properties>
  <testcase name="contextLoads" classname="com.liush.wms.WmsApplicationTests" time="0.147"/>
</testsuite>